Using pre-set license
Built from '2020.2/release' branch; Version is '2020.2.0f1 (3721df5a8b28) revision 3613151'; Using compiler version '192528614'; Build Type 'Release'
OS: 'Windows 10  (10.0.0) 64bit' Language: 'en' Physical Memory: 32719 MB
BatchMode: 1, IsHumanControllingUs: 0, StartBugReporterOnCrash: 0, Is64bit: 1, IsPro: 0

 COMMAND LINE ARGUMENTS:
C:\Program Files\2020.2.0f1\Editor\Unity.exe
-adb2
-batchMode
-noUpm
-name
AssetImportWorker0
-projectPath
C:/Users/Griz/Desktop/NewProj/DungeonsAndMagicks/DungeonsAndMagicks
-logFile
Logs/AssetImportWorker0.log
-srvPort
57434
Successfully changed project path to: C:/Users/Griz/Desktop/NewProj/DungeonsAndMagicks/DungeonsAndMagicks
C:/Users/Griz/Desktop/NewProj/DungeonsAndMagicks/DungeonsAndMagicks
Using Asset Import Pipeline V2.
Refreshing native plugins compatible for Editor in 65.50 ms, found 0 plugins.
Preloading 0 native plugins for Editor in 0.00 ms.
Initialize engine version: 2020.2.0f1 (3721df5a8b28)
[Subsystems] Discovering subsystems at path C:/Program Files/2020.2.0f1/Editor/Data/Resources/UnitySubsystems
[Subsystems] Discovering subsystems at path C:/Users/Griz/Desktop/NewProj/DungeonsAndMagicks/DungeonsAndMagicks/Assets
GfxDevice: creating device client; threaded=0
Direct3D:
    Version:  Direct3D 11.0 [level 11.1]
    Renderer: NVIDIA GeForce GTX 1080 (ID=0x1b80)
    Vendor:   
    VRAM:     8079 MB
    Driver:   27.21.14.6079
Shader 'Universal Render Pipeline/Particles/Lit': fallback shader 'Universal Render Pipeline/Particles/SimpleLit' not found
Initialize mono
Mono path[0] = 'C:/Program Files/2020.2.0f1/Editor/Data/Managed'
Mono path[1] = 'C:/Program Files/2020.2.0f1/Editor/Data/MonoBleedingEdge/lib/mono/unityjit'
Mono config path = 'C:/Program Files/2020.2.0f1/Editor/Data/MonoBleedingEdge/etc'
Using monoOptions --debugger-agent=transport=dt_socket,embedding=1,server=y,suspend=n,address=127.0.0.1:56280
Begin MonoManager ReloadAssembly
Registering precompiled unity dll's ...
Register platform support module: C:/Program Files/2020.2.0f1/Editor/Data/PlaybackEngines/WindowsStandaloneSupport/UnityEditor.WindowsStandalone.Extensions.dll
Registered in 0.000925 seconds.
Native extension for WindowsStandalone target not found
Refreshing native plugins compatible for Editor in 63.53 ms, found 0 plugins.
Preloading 0 native plugins for Editor in 0.00 ms.
Invoked RoslynAnalysisRunner static constructor.
RoslynAnalysisRunner will not be running.
RoslynAnalysisRunner has terminated.
Mono: successfully reloaded assembly
- Completed reload, in  0.836 seconds
Platform modules already initialized, skipping
Registering precompiled user dll's ...
Registered in 0.001229 seconds.
Begin MonoManager ReloadAssembly
Native extension for WindowsStandalone target not found
Refreshing native plugins compatible for Editor in 70.15 ms, found 0 plugins.
Preloading 0 native plugins for Editor in 0.00 ms.
Invoked RoslynAnalysisRunner static constructor.
RoslynAnalysisRunner will not be running.
RoslynAnalysisRunner has terminated.
Mono: successfully reloaded assembly
- Completed reload, in  0.829 seconds
Platform modules already initialized, skipping
========================================================================
Worker process is ready to serve import requests
Shader 'Universal Render Pipeline/Particles/Lit': fallback shader 'Universal Render Pipeline/Particles/SimpleLit' not found
Launched and connected shader compiler UnityShaderCompiler.exe after 0.06 seconds
Refreshing native plugins compatible for Editor in 0.84 ms, found 0 plugins.
Preloading 0 native plugins for Editor in 0.00 ms.
Unloading 2451 Unused Serialized files (Serialized files now loaded: 0)
System memory in use before: 117.5 MB.
System memory in use after: 117.7 MB.

Unloading 10 unused Assets to reduce memory usage. Loaded Objects now: 2894.
Total: 2.129000 ms (FindLiveObjects: 0.254900 ms CreateObjectMapping: 0.261000 ms MarkObjects: 1.562500 ms  DeleteObjects: 0.049500 ms)

========================================================================
Received Import Request.
  path: Assets/UI/DisplayValue.cs
  artifactKey: Guid(dd8205487dfe729478ddd96ee4601f0c) Importer(815301076,1909f56bfc062723c751e8b465ee728b)
Start importing Assets/UI/DisplayValue.cs using Guid(dd8205487dfe729478ddd96ee4601f0c) Importer(815301076,1909f56bfc062723c751e8b465ee728b)  -> (artifact id: '59be626a79865bbafe8c0f8b10cc42a0') in 0.044465 seconds
  Import took 0.050793 seconds .

========================================================================
Received Prepare
Registering precompiled user dll's ...
Registered in 0.001277 seconds.
Begin MonoManager ReloadAssembly
Native extension for WindowsStandalone target not found
Refreshing native plugins compatible for Editor in 0.68 ms, found 0 plugins.
Preloading 0 native plugins for Editor in 0.00 ms.
Invoked RoslynAnalysisRunner static constructor.
RoslynAnalysisRunner will not be running.
RoslynAnalysisRunner has terminated.
Mono: successfully reloaded assembly
- Completed reload, in  0.767 seconds
Platform modules already initialized, skipping
Shader 'Universal Render Pipeline/Particles/Lit': fallback shader 'Universal Render Pipeline/Particles/SimpleLit' not found
Refreshing native plugins compatible for Editor in 0.68 ms, found 0 plugins.
Preloading 0 native plugins for Editor in 0.00 ms.
Unloading 2332 Unused Serialized files (Serialized files now loaded: 0)
System memory in use before: 111.2 MB.
System memory in use after: 111.4 MB.

Unloading 5 unused Assets to reduce memory usage. Loaded Objects now: 2896.
Total: 1.825800 ms (FindLiveObjects: 0.260400 ms CreateObjectMapping: 0.122400 ms MarkObjects: 1.426900 ms  DeleteObjects: 0.015100 ms)

========================================================================
Received Import Request.
  Time since last request: 3.355582 seconds.
  path: Assets/UI/ResolutionOption.cs
  artifactKey: Guid(73c8110dee547694ea3fb32fa6314fd6) Importer(815301076,1909f56bfc062723c751e8b465ee728b)
Start importing Assets/UI/ResolutionOption.cs using Guid(73c8110dee547694ea3fb32fa6314fd6) Importer(815301076,1909f56bfc062723c751e8b465ee728b)  -> (artifact id: 'b979205e47bf8cc83cfbf307e969615b') in 0.005105 seconds
  Import took 0.012301 seconds .

========================================================================
Received Prepare
Registering precompiled user dll's ...
Registered in 0.001295 seconds.
Begin MonoManager ReloadAssembly
Native extension for WindowsStandalone target not found
Refreshing native plugins compatible for Editor in 0.70 ms, found 0 plugins.
Preloading 0 native plugins for Editor in 0.00 ms.
Invoked RoslynAnalysisRunner static constructor.
RoslynAnalysisRunner will not be running.
RoslynAnalysisRunner has terminated.
Mono: successfully reloaded assembly
- Completed reload, in  0.826 seconds
Platform modules already initialized, skipping
Shader 'Universal Render Pipeline/Particles/Lit': fallback shader 'Universal Render Pipeline/Particles/SimpleLit' not found
Refreshing native plugins compatible for Editor in 0.67 ms, found 0 plugins.
Preloading 0 native plugins for Editor in 0.00 ms.
Unloading 2332 Unused Serialized files (Serialized files now loaded: 0)
System memory in use before: 112.2 MB.
System memory in use after: 112.4 MB.

Unloading 5 unused Assets to reduce memory usage. Loaded Objects now: 2898.
Total: 1.981600 ms (FindLiveObjects: 0.228700 ms CreateObjectMapping: 0.104500 ms MarkObjects: 1.635200 ms  DeleteObjects: 0.012300 ms)

========================================================================
Received Import Request.
  Time since last request: 20.393192 seconds.
  path: Assets/UI/MainMenu/MainMenuCanvas.prefab
  artifactKey: Guid(038403cd7c415ae42ac5ac588e575a89) Importer(815301076,1909f56bfc062723c751e8b465ee728b)
Start importing Assets/UI/MainMenu/MainMenuCanvas.prefab using Guid(038403cd7c415ae42ac5ac588e575a89) Importer(815301076,1909f56bfc062723c751e8b465ee728b)  -> (artifact id: '3ca19fe8f887fcd9b31f950790171433') in 0.094510 seconds
  Import took 0.098958 seconds .

========================================================================
Received Prepare
Registering precompiled user dll's ...
Registered in 0.001273 seconds.
Begin MonoManager ReloadAssembly
Native extension for WindowsStandalone target not found
Refreshing native plugins compatible for Editor in 0.68 ms, found 0 plugins.
Preloading 0 native plugins for Editor in 0.00 ms.
Invoked RoslynAnalysisRunner static constructor.
RoslynAnalysisRunner will not be running.
RoslynAnalysisRunner has terminated.
Mono: successfully reloaded assembly
- Completed reload, in  0.917 seconds
Platform modules already initialized, skipping
Shader 'Universal Render Pipeline/Particles/Lit': fallback shader 'Universal Render Pipeline/Particles/SimpleLit' not found
Refreshing native plugins compatible for Editor in 0.69 ms, found 0 plugins.
Preloading 0 native plugins for Editor in 0.00 ms.
Unloading 2332 Unused Serialized files (Serialized files now loaded: 0)
System memory in use before: 112.4 MB.
System memory in use after: 112.6 MB.

Unloading 7 unused Assets to reduce memory usage. Loaded Objects now: 2902.
Total: 1.901600 ms (FindLiveObjects: 0.221500 ms CreateObjectMapping: 0.092100 ms MarkObjects: 1.553100 ms  DeleteObjects: 0.033500 ms)

========================================================================
Received Prepare
Registering precompiled user dll's ...
Registered in 0.001271 seconds.
Begin MonoManager ReloadAssembly
Native extension for WindowsStandalone target not found
Refreshing native plugins compatible for Editor in 0.70 ms, found 0 plugins.
Preloading 0 native plugins for Editor in 0.00 ms.
Invoked RoslynAnalysisRunner static constructor.
RoslynAnalysisRunner will not be running.
RoslynAnalysisRunner has terminated.
Mono: successfully reloaded assembly
- Completed reload, in  0.903 seconds
Platform modules already initialized, skipping
Shader 'Universal Render Pipeline/Particles/Lit': fallback shader 'Universal Render Pipeline/Particles/SimpleLit' not found
Refreshing native plugins compatible for Editor in 0.68 ms, found 0 plugins.
Preloading 0 native plugins for Editor in 0.00 ms.
Unloading 2332 Unused Serialized files (Serialized files now loaded: 0)
System memory in use before: 112.3 MB.
System memory in use after: 112.5 MB.

Unloading 5 unused Assets to reduce memory usage. Loaded Objects now: 2904.
Total: 2.002900 ms (FindLiveObjects: 0.253700 ms CreateObjectMapping: 0.119100 ms MarkObjects: 1.611700 ms  DeleteObjects: 0.017100 ms)

========================================================================
Received Prepare
Registering precompiled user dll's ...
Registered in 0.001293 seconds.
Begin MonoManager ReloadAssembly
Native extension for WindowsStandalone target not found
Refreshing native plugins compatible for Editor in 0.66 ms, found 0 plugins.
Preloading 0 native plugins for Editor in 0.00 ms.
Invoked RoslynAnalysisRunner static constructor.
RoslynAnalysisRunner will not be running.
RoslynAnalysisRunner has terminated.
Mono: successfully reloaded assembly
- Completed reload, in  0.729 seconds
Platform modules already initialized, skipping
Shader 'Universal Render Pipeline/Particles/Lit': fallback shader 'Universal Render Pipeline/Particles/SimpleLit' not found
Refreshing native plugins compatible for Editor in 0.72 ms, found 0 plugins.
Preloading 0 native plugins for Editor in 0.00 ms.
Unloading 2332 Unused Serialized files (Serialized files now loaded: 0)
System memory in use before: 112.3 MB.
System memory in use after: 112.6 MB.

Unloading 5 unused Assets to reduce memory usage. Loaded Objects now: 2906.
Total: 2.048400 ms (FindLiveObjects: 0.233100 ms CreateObjectMapping: 0.117100 ms MarkObjects: 1.674600 ms  DeleteObjects: 0.022700 ms)

========================================================================
Received Import Request.
  Time since last request: 68.345218 seconds.
  path: Assets/UI/MainMenu/Scripts/GameSettings.cs
  artifactKey: Guid(4f736e9badbd6094d9a35eff9e34c34a) Importer(815301076,1909f56bfc062723c751e8b465ee728b)
Start importing Assets/UI/MainMenu/Scripts/GameSettings.cs using Guid(4f736e9badbd6094d9a35eff9e34c34a) Importer(815301076,1909f56bfc062723c751e8b465ee728b)  -> (artifact id: 'ae92d0df218c7d1f4d7c6e2a26cc9d5b') in 0.005610 seconds
  Import took 0.009260 seconds .

========================================================================
Received Prepare
Registering precompiled user dll's ...
Registered in 0.001412 seconds.
Begin MonoManager ReloadAssembly
Native extension for WindowsStandalone target not found
Refreshing native plugins compatible for Editor in 0.68 ms, found 0 plugins.
Preloading 0 native plugins for Editor in 0.00 ms.
Invoked RoslynAnalysisRunner static constructor.
RoslynAnalysisRunner will not be running.
RoslynAnalysisRunner has terminated.
Mono: successfully reloaded assembly
- Completed reload, in  0.878 seconds
Platform modules already initialized, skipping
Shader 'Universal Render Pipeline/Particles/Lit': fallback shader 'Universal Render Pipeline/Particles/SimpleLit' not found
Refreshing native plugins compatible for Editor in 0.73 ms, found 0 plugins.
Preloading 0 native plugins for Editor in 0.00 ms.
Unloading 2333 Unused Serialized files (Serialized files now loaded: 0)
System memory in use before: 112.5 MB.
System memory in use after: 112.7 MB.

Unloading 5 unused Assets to reduce memory usage. Loaded Objects now: 2909.
Total: 2.356000 ms (FindLiveObjects: 0.242900 ms CreateObjectMapping: 0.120400 ms MarkObjects: 1.971900 ms  DeleteObjects: 0.019500 ms)

========================================================================
Received Prepare
Registering precompiled user dll's ...
Registered in 0.001661 seconds.
Begin MonoManager ReloadAssembly
Native extension for WindowsStandalone target not found
Refreshing native plugins compatible for Editor in 0.70 ms, found 0 plugins.
Preloading 0 native plugins for Editor in 0.00 ms.
Invoked RoslynAnalysisRunner static constructor.
RoslynAnalysisRunner will not be running.
RoslynAnalysisRunner has terminated.
Mono: successfully reloaded assembly
- Completed reload, in  0.852 seconds
Platform modules already initialized, skipping
Shader 'Universal Render Pipeline/Particles/Lit': fallback shader 'Universal Render Pipeline/Particles/SimpleLit' not found
Refreshing native plugins compatible for Editor in 0.68 ms, found 0 plugins.
Preloading 0 native plugins for Editor in 0.00 ms.
Unloading 2333 Unused Serialized files (Serialized files now loaded: 0)
System memory in use before: 112.5 MB.
System memory in use after: 112.7 MB.

Unloading 5 unused Assets to reduce memory usage. Loaded Objects now: 2911.
Total: 1.895000 ms (FindLiveObjects: 0.230700 ms CreateObjectMapping: 0.114100 ms MarkObjects: 1.534400 ms  DeleteObjects: 0.014800 ms)

========================================================================
Received Import Request.
  Time since last request: 149.396516 seconds.
  path: Assets/UI/MainMenu/Scripts/GameSettings.cs
  artifactKey: Guid(4f736e9badbd6094d9a35eff9e34c34a) Importer(815301076,1909f56bfc062723c751e8b465ee728b)
Start importing Assets/UI/MainMenu/Scripts/GameSettings.cs using Guid(4f736e9badbd6094d9a35eff9e34c34a) Importer(815301076,1909f56bfc062723c751e8b465ee728b)  -> (artifact id: 'e95664bd8cf01e91418748593e29c0ed') in 0.003811 seconds
  Import took 0.007289 seconds .

========================================================================
Received Prepare
Registering precompiled user dll's ...
Registered in 0.001275 seconds.
Begin MonoManager ReloadAssembly
Native extension for WindowsStandalone target not found
Refreshing native plugins compatible for Editor in 0.67 ms, found 0 plugins.
Preloading 0 native plugins for Editor in 0.00 ms.
Invoked RoslynAnalysisRunner static constructor.
RoslynAnalysisRunner will not be running.
RoslynAnalysisRunner has terminated.
Mono: successfully reloaded assembly
- Completed reload, in  0.721 seconds
Platform modules already initialized, skipping
Shader 'Universal Render Pipeline/Particles/Lit': fallback shader 'Universal Render Pipeline/Particles/SimpleLit' not found
Refreshing native plugins compatible for Editor in 0.66 ms, found 0 plugins.
Preloading 0 native plugins for Editor in 0.00 ms.
Unloading 2333 Unused Serialized files (Serialized files now loaded: 0)
System memory in use before: 112.4 MB.
System memory in use after: 112.6 MB.

Unloading 5 unused Assets to reduce memory usage. Loaded Objects now: 2913.
Total: 2.009000 ms (FindLiveObjects: 0.242000 ms CreateObjectMapping: 0.124300 ms MarkObjects: 1.626700 ms  DeleteObjects: 0.015100 ms)

========================================================================
Received Import Request.
  Time since last request: 205.769428 seconds.
  path: Assets/UI/MainMenu/MainMenuCanvas.prefab
  artifactKey: Guid(038403cd7c415ae42ac5ac588e575a89) Importer(815301076,1909f56bfc062723c751e8b465ee728b)
Start importing Assets/UI/MainMenu/MainMenuCanvas.prefab using Guid(038403cd7c415ae42ac5ac588e575a89) Importer(815301076,1909f56bfc062723c751e8b465ee728b)  -> (artifact id: '9eae51e0725cf70e730616c78d7b029f') in 0.086475 seconds
  Import took 0.090826 seconds .

========================================================================
Received Import Request.
  Time since last request: 9.148444 seconds.
  path: Assets/UI/MainMenu/GameSettings.asset
  artifactKey: Guid(bd0b3c7260db7784c97734b90f5a7b78) Importer(815301076,1909f56bfc062723c751e8b465ee728b)
Start importing Assets/UI/MainMenu/GameSettings.asset using Guid(bd0b3c7260db7784c97734b90f5a7b78) Importer(815301076,1909f56bfc062723c751e8b465ee728b)  -> (artifact id: '1bb428408149098769dc1b3a54e3826a') in 0.005157 seconds
  Import took 0.008876 seconds .

========================================================================
Received Import Request.
  Time since last request: 6.263922 seconds.
  path: Assets/UI/MainMenu/MainMenuCanvas.prefab
  artifactKey: Guid(038403cd7c415ae42ac5ac588e575a89) Importer(815301076,1909f56bfc062723c751e8b465ee728b)
Start importing Assets/UI/MainMenu/MainMenuCanvas.prefab using Guid(038403cd7c415ae42ac5ac588e575a89) Importer(815301076,1909f56bfc062723c751e8b465ee728b)  -> (artifact id: 'a2ce86ad7d7279e4e8451b1123a05189') in 0.035526 seconds
  Import took 0.043045 seconds .

========================================================================
Received Prepare
Registering precompiled user dll's ...
Registered in 0.001331 seconds.
Begin MonoManager ReloadAssembly
Native extension for WindowsStandalone target not found
Refreshing native plugins compatible for Editor in 0.67 ms, found 0 plugins.
Preloading 0 native plugins for Editor in 0.00 ms.
Invoked RoslynAnalysisRunner static constructor.
RoslynAnalysisRunner will not be running.
RoslynAnalysisRunner has terminated.
Mono: successfully reloaded assembly
- Completed reload, in  0.818 seconds
Platform modules already initialized, skipping
Shader 'Universal Render Pipeline/Particles/Lit': fallback shader 'Universal Render Pipeline/Particles/SimpleLit' not found
Refreshing native plugins compatible for Editor in 0.68 ms, found 0 plugins.
Preloading 0 native plugins for Editor in 0.00 ms.
Unloading 2333 Unused Serialized files (Serialized files now loaded: 0)
System memory in use before: 112.5 MB.
System memory in use after: 112.7 MB.

Unloading 7 unused Assets to reduce memory usage. Loaded Objects now: 2915.
Total: 1.955200 ms (FindLiveObjects: 0.232100 ms CreateObjectMapping: 0.111500 ms MarkObjects: 1.587000 ms  DeleteObjects: 0.023900 ms)

========================================================================
Received Prepare
Registering precompiled user dll's ...
Registered in 0.001317 seconds.
Begin MonoManager ReloadAssembly
Native extension for WindowsStandalone target not found
Refreshing native plugins compatible for Editor in 0.68 ms, found 0 plugins.
Preloading 0 native plugins for Editor in 0.00 ms.
Invoked RoslynAnalysisRunner static constructor.
RoslynAnalysisRunner will not be running.
RoslynAnalysisRunner has terminated.
Mono: successfully reloaded assembly
- Completed reload, in  0.721 seconds
Platform modules already initialized, skipping
Shader 'Universal Render Pipeline/Particles/Lit': fallback shader 'Universal Render Pipeline/Particles/SimpleLit' not found
Refreshing native plugins compatible for Editor in 0.85 ms, found 0 plugins.
Preloading 0 native plugins for Editor in 0.00 ms.
Unloading 2333 Unused Serialized files (Serialized files now loaded: 0)
System memory in use before: 112.4 MB.
System memory in use after: 112.6 MB.

Unloading 5 unused Assets to reduce memory usage. Loaded Objects now: 2917.
Total: 2.472300 ms (FindLiveObjects: 0.347500 ms CreateObjectMapping: 0.163500 ms MarkObjects: 1.922800 ms  DeleteObjects: 0.037100 ms)

========================================================================
Received Prepare
Registering precompiled user dll's ...
Registered in 0.001311 seconds.
Begin MonoManager ReloadAssembly
Native extension for WindowsStandalone target not found
Refreshing native plugins compatible for Editor in 0.82 ms, found 0 plugins.
Preloading 0 native plugins for Editor in 0.00 ms.
Invoked RoslynAnalysisRunner static constructor.
RoslynAnalysisRunner will not be running.
RoslynAnalysisRunner has terminated.
Mono: successfully reloaded assembly
- Completed reload, in  0.941 seconds
Platform modules already initialized, skipping
Shader 'Universal Render Pipeline/Particles/Lit': fallback shader 'Universal Render Pipeline/Particles/SimpleLit' not found
Refreshing native plugins compatible for Editor in 0.67 ms, found 0 plugins.
Preloading 0 native plugins for Editor in 0.00 ms.
Unloading 2334 Unused Serialized files (Serialized files now loaded: 0)
System memory in use before: 112.5 MB.
System memory in use after: 112.8 MB.

Unloading 5 unused Assets to reduce memory usage. Loaded Objects now: 2920.
Total: 2.595900 ms (FindLiveObjects: 0.281000 ms CreateObjectMapping: 0.149200 ms MarkObjects: 2.146700 ms  DeleteObjects: 0.017900 ms)

========================================================================
Received Prepare
Registering precompiled user dll's ...
Registered in 0.001359 seconds.
Begin MonoManager ReloadAssembly
Native extension for WindowsStandalone target not found
Refreshing native plugins compatible for Editor in 0.68 ms, found 0 plugins.
Preloading 0 native plugins for Editor in 0.00 ms.
Invoked RoslynAnalysisRunner static constructor.
RoslynAnalysisRunner will not be running.
RoslynAnalysisRunner has terminated.
Mono: successfully reloaded assembly
- Completed reload, in  0.818 seconds
Platform modules already initialized, skipping
Shader 'Universal Render Pipeline/Particles/Lit': fallback shader 'Universal Render Pipeline/Particles/SimpleLit' not found
Refreshing native plugins compatible for Editor in 0.67 ms, found 0 plugins.
Preloading 0 native plugins for Editor in 0.00 ms.
Unloading 2334 Unused Serialized files (Serialized files now loaded: 0)
System memory in use before: 112.5 MB.
System memory in use after: 112.7 MB.

Unloading 5 unused Assets to reduce memory usage. Loaded Objects now: 2922.
Total: 1.961800 ms (FindLiveObjects: 0.231900 ms CreateObjectMapping: 0.111300 ms MarkObjects: 1.600800 ms  DeleteObjects: 0.016100 ms)

========================================================================
Received Prepare
Registering precompiled user dll's ...
Registered in 0.001395 seconds.
Begin MonoManager ReloadAssembly
Native extension for WindowsStandalone target not found
Refreshing native plugins compatible for Editor in 0.88 ms, found 0 plugins.
Preloading 0 native plugins for Editor in 0.00 ms.
Invoked RoslynAnalysisRunner static constructor.
RoslynAnalysisRunner will not be running.
RoslynAnalysisRunner has terminated.
Mono: successfully reloaded assembly
- Completed reload, in  0.823 seconds
Platform modules already initialized, skipping
Shader 'Universal Render Pipeline/Particles/Lit': fallback shader 'Universal Render Pipeline/Particles/SimpleLit' not found
Refreshing native plugins compatible for Editor in 0.69 ms, found 0 plugins.
Preloading 0 native plugins for Editor in 0.00 ms.
Unloading 2334 Unused Serialized files (Serialized files now loaded: 0)
System memory in use before: 112.5 MB.
System memory in use after: 112.8 MB.

Unloading 5 unused Assets to reduce memory usage. Loaded Objects now: 2924.
Total: 1.990400 ms (FindLiveObjects: 0.241900 ms CreateObjectMapping: 0.116300 ms MarkObjects: 1.616300 ms  DeleteObjects: 0.014900 ms)

========================================================================
Received Prepare
Registering precompiled user dll's ...
Registered in 0.002500 seconds.
Begin MonoManager ReloadAssembly
Native extension for WindowsStandalone target not found
Refreshing native plugins compatible for Editor in 1.02 ms, found 0 plugins.
Preloading 0 native plugins for Editor in 0.00 ms.
Invoked RoslynAnalysisRunner static constructor.
RoslynAnalysisRunner will not be running.
RoslynAnalysisRunner has terminated.
Mono: successfully reloaded assembly
- Completed reload, in  0.940 seconds
Platform modules already initialized, skipping
Shader 'Universal Render Pipeline/Particles/Lit': fallback shader 'Universal Render Pipeline/Particles/SimpleLit' not found
Refreshing native plugins compatible for Editor in 0.78 ms, found 0 plugins.
Preloading 0 native plugins for Editor in 0.00 ms.
Unloading 2335 Unused Serialized files (Serialized files now loaded: 0)
System memory in use before: 112.6 MB.
System memory in use after: 112.8 MB.

Unloading 5 unused Assets to reduce memory usage. Loaded Objects now: 2927.
Total: 2.359200 ms (FindLiveObjects: 0.318500 ms CreateObjectMapping: 0.173900 ms MarkObjects: 1.846800 ms  DeleteObjects: 0.018600 ms)

========================================================================
Received Prepare
Registering precompiled user dll's ...
Registered in 0.001502 seconds.
Begin MonoManager ReloadAssembly
Native extension for WindowsStandalone target not found
Refreshing native plugins compatible for Editor in 0.86 ms, found 0 plugins.
Preloading 0 native plugins for Editor in 0.00 ms.
Invoked RoslynAnalysisRunner static constructor.
RoslynAnalysisRunner will not be running.
RoslynAnalysisRunner has terminated.
Mono: successfully reloaded assembly
- Completed reload, in  0.715 seconds
Platform modules already initialized, skipping
Shader 'Universal Render Pipeline/Particles/Lit': fallback shader 'Universal Render Pipeline/Particles/SimpleLit' not found
Refreshing native plugins compatible for Editor in 0.81 ms, found 0 plugins.
Preloading 0 native plugins for Editor in 0.00 ms.
Unloading 2335 Unused Serialized files (Serialized files now loaded: 0)
System memory in use before: 112.5 MB.
System memory in use after: 112.7 MB.

Unloading 5 unused Assets to reduce memory usage. Loaded Objects now: 2929.
Total: 2.140200 ms (FindLiveObjects: 0.232700 ms CreateObjectMapping: 0.117500 ms MarkObjects: 1.771300 ms  DeleteObjects: 0.017800 ms)

========================================================================
Received Import Request.
  Time since last request: 714.753985 seconds.
  path: Assets/UI/MainMenu/MainMenuCanvas.prefab
  artifactKey: Guid(038403cd7c415ae42ac5ac588e575a89) Importer(815301076,1909f56bfc062723c751e8b465ee728b)
Start importing Assets/UI/MainMenu/MainMenuCanvas.prefab using Guid(038403cd7c415ae42ac5ac588e575a89) Importer(815301076,1909f56bfc062723c751e8b465ee728b)  -> (artifact id: 'ed42f9299f1098e32aaea87075d1c9e0') in 0.087040 seconds
  Import took 0.091542 seconds .

========================================================================
Received Import Request.
  Time since last request: 6.649977 seconds.
  path: Assets/UI/MainMenu/Defaults.asset
  artifactKey: Guid(0aa03a3aba60c074ba75da55f53c8597) Importer(815301076,1909f56bfc062723c751e8b465ee728b)
Start importing Assets/UI/MainMenu/Defaults.asset using Guid(0aa03a3aba60c074ba75da55f53c8597) Importer(815301076,1909f56bfc062723c751e8b465ee728b)  -> (artifact id: '2a3d285521077d6f642115a969fa3a50') in 0.031524 seconds
  Import took 0.041330 seconds .

========================================================================
Received Prepare
Registering precompiled user dll's ...
Registered in 0.001388 seconds.
Begin MonoManager ReloadAssembly
Native extension for WindowsStandalone target not found
Refreshing native plugins compatible for Editor in 0.68 ms, found 0 plugins.
Preloading 0 native plugins for Editor in 0.00 ms.
Invoked RoslynAnalysisRunner static constructor.
RoslynAnalysisRunner will not be running.
RoslynAnalysisRunner has terminated.
Mono: successfully reloaded assembly
- Completed reload, in  0.711 seconds
Platform modules already initialized, skipping
Shader 'Universal Render Pipeline/Particles/Lit': fallback shader 'Universal Render Pipeline/Particles/SimpleLit' not found
Refreshing native plugins compatible for Editor in 0.69 ms, found 0 plugins.
Preloading 0 native plugins for Editor in 0.00 ms.
Unloading 2335 Unused Serialized files (Serialized files now loaded: 0)
System memory in use before: 112.6 MB.
System memory in use after: 112.8 MB.

Unloading 7 unused Assets to reduce memory usage. Loaded Objects now: 2931.
Total: 1.824200 ms (FindLiveObjects: 0.238600 ms CreateObjectMapping: 0.119200 ms MarkObjects: 1.444900 ms  DeleteObjects: 0.020600 ms)

========================================================================
Received Import Request.
  Time since last request: 29.580395 seconds.
  path: Assets/UI/MainMenu/MainMenuCanvas.prefab
  artifactKey: Guid(038403cd7c415ae42ac5ac588e575a89) Importer(815301076,1909f56bfc062723c751e8b465ee728b)
Start importing Assets/UI/MainMenu/MainMenuCanvas.prefab using Guid(038403cd7c415ae42ac5ac588e575a89) Importer(815301076,1909f56bfc062723c751e8b465ee728b)  -> (artifact id: '3cc40c3c8f9c74050b48570e14459ae8') in 0.091240 seconds
  Import took 0.097190 seconds .

========================================================================
Received Import Request.
  Time since last request: 2.671768 seconds.
  path: Assets/UI/MainMenu/MainMenuCanvas.prefab
  artifactKey: Guid(038403cd7c415ae42ac5ac588e575a89) Importer(815301076,1909f56bfc062723c751e8b465ee728b)
Start importing Assets/UI/MainMenu/MainMenuCanvas.prefab using Guid(038403cd7c415ae42ac5ac588e575a89) Importer(815301076,1909f56bfc062723c751e8b465ee728b)  -> (artifact id: 'e142ec19808082d36a9ed65180cf0de6') in 0.034493 seconds
  Import took 0.042859 seconds .

========================================================================
Received Import Request.
  Time since last request: 4.671328 seconds.
  path: Assets/UI/MainMenu/DefaultSettings.asset
  artifactKey: Guid(0aa03a3aba60c074ba75da55f53c8597) Importer(815301076,1909f56bfc062723c751e8b465ee728b)
Start importing Assets/UI/MainMenu/DefaultSettings.asset using Guid(0aa03a3aba60c074ba75da55f53c8597) Importer(815301076,1909f56bfc062723c751e8b465ee728b)  -> (artifact id: 'eb814e8cf603a78ffe2cc6e90712c23f') in 0.002900 seconds
  Import took 0.021020 seconds .

========================================================================
Received Prepare
Registering precompiled user dll's ...
Registered in 0.001467 seconds.
Begin MonoManager ReloadAssembly
Native extension for WindowsStandalone target not found
Refreshing native plugins compatible for Editor in 0.67 ms, found 0 plugins.
Preloading 0 native plugins for Editor in 0.00 ms.
Invoked RoslynAnalysisRunner static constructor.
RoslynAnalysisRunner will not be running.
RoslynAnalysisRunner has terminated.
Mono: successfully reloaded assembly
- Completed reload, in  0.717 seconds
Platform modules already initialized, skipping
Shader 'Universal Render Pipeline/Particles/Lit': fallback shader 'Universal Render Pipeline/Particles/SimpleLit' not found
Refreshing native plugins compatible for Editor in 0.70 ms, found 0 plugins.
Preloading 0 native plugins for Editor in 0.00 ms.
Unloading 2335 Unused Serialized files (Serialized files now loaded: 0)
System memory in use before: 112.4 MB.
System memory in use after: 112.7 MB.

Unloading 7 unused Assets to reduce memory usage. Loaded Objects now: 2933.
Total: 2.235200 ms (FindLiveObjects: 0.231300 ms CreateObjectMapping: 0.104800 ms MarkObjects: 1.871900 ms  DeleteObjects: 0.025900 ms)

========================================================================
Received Prepare
Registering precompiled user dll's ...
Registered in 0.001316 seconds.
Begin MonoManager ReloadAssembly
Native extension for WindowsStandalone target not found
Refreshing native plugins compatible for Editor in 0.67 ms, found 0 plugins.
Preloading 0 native plugins for Editor in 0.00 ms.
Invoked RoslynAnalysisRunner static constructor.
RoslynAnalysisRunner will not be running.
RoslynAnalysisRunner has terminated.
Mono: successfully reloaded assembly
- Completed reload, in  0.802 seconds
Platform modules already initialized, skipping
Shader 'Universal Render Pipeline/Particles/Lit': fallback shader 'Universal Render Pipeline/Particles/SimpleLit' not found
Refreshing native plugins compatible for Editor in 0.68 ms, found 0 plugins.
Preloading 0 native plugins for Editor in 0.00 ms.
Unloading 2335 Unused Serialized files (Serialized files now loaded: 0)
System memory in use before: 112.6 MB.
System memory in use after: 112.8 MB.

Unloading 5 unused Assets to reduce memory usage. Loaded Objects now: 2935.
Total: 1.787900 ms (FindLiveObjects: 0.221700 ms CreateObjectMapping: 0.101100 ms MarkObjects: 1.442500 ms  DeleteObjects: 0.021700 ms)

========================================================================
Received Prepare
Registering precompiled user dll's ...
Registered in 0.001478 seconds.
Begin MonoManager ReloadAssembly
Native extension for WindowsStandalone target not found
Refreshing native plugins compatible for Editor in 0.68 ms, found 0 plugins.
Preloading 0 native plugins for Editor in 0.00 ms.
Invoked RoslynAnalysisRunner static constructor.
RoslynAnalysisRunner will not be running.
RoslynAnalysisRunner has terminated.
Mono: successfully reloaded assembly
- Completed reload, in  0.859 seconds
Platform modules already initialized, skipping
Shader 'Universal Render Pipeline/Particles/Lit': fallback shader 'Universal Render Pipeline/Particles/SimpleLit' not found
Refreshing native plugins compatible for Editor in 0.71 ms, found 0 plugins.
Preloading 0 native plugins for Editor in 0.00 ms.
Unloading 2335 Unused Serialized files (Serialized files now loaded: 0)
System memory in use before: 112.6 MB.
System memory in use after: 112.8 MB.

Unloading 5 unused Assets to reduce memory usage. Loaded Objects now: 2937.
Total: 4.532100 ms (FindLiveObjects: 0.266900 ms CreateObjectMapping: 0.136500 ms MarkObjects: 4.109000 ms  DeleteObjects: 0.018200 ms)

========================================================================
Received Prepare
Registering precompiled user dll's ...
Registered in 0.001323 seconds.
Begin MonoManager ReloadAssembly
Native extension for WindowsStandalone target not found
Refreshing native plugins compatible for Editor in 0.76 ms, found 0 plugins.
Preloading 0 native plugins for Editor in 0.00 ms.
Invoked RoslynAnalysisRunner static constructor.
RoslynAnalysisRunner will not be running.
RoslynAnalysisRunner has terminated.
Mono: successfully reloaded assembly
- Completed reload, in  0.830 seconds
Platform modules already initialized, skipping
Shader 'Universal Render Pipeline/Particles/Lit': fallback shader 'Universal Render Pipeline/Particles/SimpleLit' not found
Refreshing native plugins compatible for Editor in 0.67 ms, found 0 plugins.
Preloading 0 native plugins for Editor in 0.00 ms.
Unloading 2335 Unused Serialized files (Serialized files now loaded: 0)
System memory in use before: 112.5 MB.
System memory in use after: 112.7 MB.

Unloading 5 unused Assets to reduce memory usage. Loaded Objects now: 2939.
Total: 1.940600 ms (FindLiveObjects: 0.278500 ms CreateObjectMapping: 0.121700 ms MarkObjects: 1.525000 ms  DeleteObjects: 0.014200 ms)

========================================================================
Received Prepare
Registering precompiled user dll's ...
Registered in 0.001337 seconds.
Begin MonoManager ReloadAssembly
Native extension for WindowsStandalone target not found
Refreshing native plugins compatible for Editor in 0.70 ms, found 0 plugins.
Preloading 0 native plugins for Editor in 0.00 ms.
Invoked RoslynAnalysisRunner static constructor.
RoslynAnalysisRunner will not be running.
RoslynAnalysisRunner has terminated.
Mono: successfully reloaded assembly
- Completed reload, in  0.725 seconds
Platform modules already initialized, skipping
Shader 'Universal Render Pipeline/Particles/Lit': fallback shader 'Universal Render Pipeline/Particles/SimpleLit' not found
Refreshing native plugins compatible for Editor in 0.69 ms, found 0 plugins.
Preloading 0 native plugins for Editor in 0.00 ms.
Unloading 2335 Unused Serialized files (Serialized files now loaded: 0)
System memory in use before: 112.5 MB.
System memory in use after: 112.7 MB.

Unloading 5 unused Assets to reduce memory usage. Loaded Objects now: 2941.
Total: 1.884100 ms (FindLiveObjects: 0.286600 ms CreateObjectMapping: 0.128700 ms MarkObjects: 1.451400 ms  DeleteObjects: 0.016600 ms)

========================================================================
Received Import Request.
  Time since last request: 721.764007 seconds.
  path: Assets/UI/MainMenu/MainMenuCanvas.prefab
  artifactKey: Guid(038403cd7c415ae42ac5ac588e575a89) Importer(815301076,1909f56bfc062723c751e8b465ee728b)
Start importing Assets/UI/MainMenu/MainMenuCanvas.prefab using Guid(038403cd7c415ae42ac5ac588e575a89) Importer(815301076,1909f56bfc062723c751e8b465ee728b)  -> (artifact id: '7d954105de7e93034fa90313a66d51e9') in 0.089153 seconds
  Import took 0.093524 seconds .

========================================================================
Received Import Request.
  Time since last request: 2.258410 seconds.
  path: Assets/UI/MainMenu/MainMenuCanvas.prefab
  artifactKey: Guid(038403cd7c415ae42ac5ac588e575a89) Importer(815301076,1909f56bfc062723c751e8b465ee728b)
Start importing Assets/UI/MainMenu/MainMenuCanvas.prefab using Guid(038403cd7c415ae42ac5ac588e575a89) Importer(815301076,1909f56bfc062723c751e8b465ee728b)  -> (artifact id: '84189aa64d880e6db3006e12ffdd0005') in 0.027872 seconds
  Import took 0.032115 seconds .

========================================================================
Received Prepare
Registering precompiled user dll's ...
Registered in 0.001301 seconds.
Begin MonoManager ReloadAssembly
Native extension for WindowsStandalone target not found
Refreshing native plugins compatible for Editor in 1.91 ms, found 0 plugins.
Preloading 0 native plugins for Editor in 0.00 ms.
Invoked RoslynAnalysisRunner static constructor.
RoslynAnalysisRunner will not be running.
RoslynAnalysisRunner has terminated.
Mono: successfully reloaded assembly
- Completed reload, in  0.890 seconds
Platform modules already initialized, skipping
Shader 'Universal Render Pipeline/Particles/Lit': fallback shader 'Universal Render Pipeline/Particles/SimpleLit' not found
Refreshing native plugins compatible for Editor in 0.75 ms, found 0 plugins.
Preloading 0 native plugins for Editor in 0.00 ms.
Unloading 2335 Unused Serialized files (Serialized files now loaded: 0)
System memory in use before: 112.6 MB.
System memory in use after: 112.8 MB.

Unloading 7 unused Assets to reduce memory usage. Loaded Objects now: 2943.
Total: 6.457200 ms (FindLiveObjects: 0.727300 ms CreateObjectMapping: 0.544300 ms MarkObjects: 5.118400 ms  DeleteObjects: 0.063700 ms)

========================================================================
Received Import Request.
  Time since last request: 49.014688 seconds.
  path: Assets/UI/MainMenu/DefaultSettings.asset
  artifactKey: Guid(0aa03a3aba60c074ba75da55f53c8597) Importer(815301076,1909f56bfc062723c751e8b465ee728b)
Start importing Assets/UI/MainMenu/DefaultSettings.asset using Guid(0aa03a3aba60c074ba75da55f53c8597) Importer(815301076,1909f56bfc062723c751e8b465ee728b)  -> (artifact id: 'eb3d05ccd9fea5dc30ace3ec1db9f180') in 0.008727 seconds
  Import took 0.013755 seconds .

AssetImportWorkerClient::OnTransportError - code=2 error=End of file
